<?xml version="1.0" encoding="UTF-8"?>
<!-- Generated by org.testng.reporters.JUnitReportReporter -->
<testsuite skipped="0" hostname="CDC2-L-6441LP4" name="com.selenium.test.NewTest" tests="1" failures="0" timestamp="25 Jul 2018 07:07:24 GMT" time="0.032" errors="0">
  <testcase name="f" time="0.032" classname="com.selenium.test.NewTest"/>
</testsuite> <!-- com.selenium.test.NewTest -->
